Base path: C:/Program Files/Unity/Editor/Data
Pipe name: \\.\pipe\UnityShaderCompiler-64bit-3-3420
Cmd: getPlatforms
Cmd: compileSnippet
  api=4 type=0 insize=9591 outsize=10618 kw= ok=1
Cmd: compileSnippet
  api=1 type=1 insize=9591 outsize=967 kw=UNITY_COLORSPACE_GAMMA ok=1
Cmd: compileSnippet
  api=4 type=0 insize=541 outsize=1404 kw=SHADOWS_CUBE ok=1
Cmd: compileSnippet
  api=0 type=1 insize=541 outsize=6 kw=SHADOWS_CUBE ok=1
Cmd: compileSnippet
  api=4 type=0 insize=6810 outsize=3647 kw=DIRECTIONAL SHADOWS_OFF LIGHTMAP_OFF DIRLIGHTMAP_OFF DYNAMICLIGHTMAP_OFF ok=1
Cmd: compileSnippet
  api=1 type=0 insize=6810 outsize=1215 kw=DIRECTIONAL SHADOWS_SCREEN LIGHTMAP_OFF DIRLIGHTMAP_OFF DYNAMICLIGHTMAP_OFF VERTEXLIGHT_ON ok=1
Cmd: compileSnippet
  api=8 type=0 insize=6810 outsize=8645 kw=DIRECTIONAL SHADOWS_SCREEN SHADOWS_NATIVE LIGHTMAP_OFF DIRLIGHTMAP_OFF DYNAMICLIGHTMAP_OFF VERTEXLIGHT_ON ok=1
Cmd: compileSnippet
  api=4 type=1 insize=6810 outsize=1615 kw=DIRECTIONAL SHADOWS_SCREEN LIGHTMAP_OFF DIRLIGHTMAP_OFF DYNAMICLIGHTMAP_OFF ok=1
Cmd: compileSnippet
  api=8 type=0 insize=3647 outsize=3876 kw=DIRECTIONAL ok=1
Cmd: compileSnippet
  api=0 type=0 insize=3647 outsize=1890 kw=POINT_COOKIE ok=1
Cmd: compileSnippet
  api=4 type=1 insize=3647 outsize=1152 kw=DIRECTIONAL ok=1
Cmd: compileSnippet
  api=1 type=0 insize=2805 outsize=293 kw= ok=1
Cmd: compileSnippet
  api=4 type=0 insize=5974 outsize=4061 kw=LIGHTMAP_OFF DIRLIGHTMAP_OFF DYNAMICLIGHTMAP_OFF HDR_LIGHT_PREPASS_OFF ok=1
Cmd: compileSnippet
  api=4 type=1 insize=5974 outsize=1298 kw=LIGHTMAP_OFF DIRLIGHTMAP_OFF DYNAMICLIGHTMAP_OFF UNITY_HDR_ON ok=1
Cmd: compileSnippet
  api=4 type=0 insize=5928 outsize=3785 kw=LIGHTMAP_OFF DIRLIGHTMAP_OFF DYNAMICLIGHTMAP_OFF HDR_LIGHT_PREPASS_OFF ok=1
Cmd: compileSnippet
  api=1 type=1 insize=5928 outsize=355 kw=LIGHTMAP_OFF DIRLIGHTMAP_OFF DYNAMICLIGHTMAP_OFF HDR_LIGHT_PREPASS_OFF ok=1
Cmd: compileSnippet
  api=4 type=0 insize=1275 outsize=1940 kw=DIRECTIONAL SHADOWS_OFF ok=1
Cmd: compileSnippet
  api=1 type=0 insize=1275 outsize=441 kw=POINT_COOKIE SHADOWS_OFF ok=1
Cmd: compileSnippet
  api=4 type=0 insize=1275 outsize=1940 kw=DIRECTIONAL_COOKIE SHADOWS_OFF ok=1
Cmd: compileSnippet
  api=0 type=0 insize=1275 outsize=2824 kw=DIRECTIONAL SHADOWS_SCREEN ok=1
Cmd: compileSnippet
  api=1 type=0 insize=1275 outsize=441 kw=POINT SHADOWS_CUBE SHADOWS_SOFT ok=1
Cmd: compileSnippet
  api=0 type=0 insize=1275 outsize=4411 kw=POINT_COOKIE SHADOWS_CUBE SHADOWS_SOFT ok=1
Cmd: compileSnippet
  api=1 type=1 insize=1275 outsize=1599 kw=SPOT SHADOWS_OFF ok=1
Cmd: compileSnippet
  api=4 type=1 insize=1275 outsize=4240 kw=DIRECTIONAL SHADOWS_SCREEN ok=1
Cmd: compileSnippet
  api=1 type=1 insize=1275 outsize=2041 kw=SPOT SHADOWS_DEPTH SHADOWS_SOFT SHADOWS_NATIVE ok=1
Cmd: compileSnippet
  api=0 type=0 insize=1268 outsize=2495 kw=DIRECTIONAL SHADOWS_OFF ok=1
Cmd: compileSnippet
  api=0 type=0 insize=1268 outsize=3009 kw=DIRECTIONAL_COOKIE SHADOWS_SCREEN ok=1
Cmd: compileSnippet
  api=1 type=1 insize=1268 outsize=1151 kw=DIRECTIONAL SHADOWS_OFF ok=1
Cmd: compileSnippet
  api=0 type=1 insize=1268 outsize=6 kw=SPOT SHADOWS_DEPTH SHADOWS_NATIVE ok=1
Cmd: compileSnippet
  api=4 type=1 insize=1268 outsize=5995 kw=SPOT SHADOWS_DEPTH SHADOWS_NATIVE ok=1
Cmd: compileSnippet
  api=0 type=1 insize=1268 outsize=6 kw=POINT SHADOWS_CUBE SHADOWS_SOFT ok=1
Cmd: compileSnippet
  api=1 type=1 insize=1268 outsize=1815 kw=POINT SHADOWS_CUBE SHADOWS_SOFT ok=1
Cmd: compileSnippet
  api=0 type=0 insize=1273 outsize=3021 kw=SPOT SHADOWS_OFF ok=1
Cmd: compileSnippet
  api=1 type=0 insize=1273 outsize=441 kw=POINT SHADOWS_CUBE ok=1
Cmd: compileSnippet
  api=4 type=0 insize=1273 outsize=1940 kw=POINT_COOKIE SHADOWS_CUBE ok=1
Cmd: compileSnippet
  api=4 type=0 insize=1273 outsize=1940 kw=SPOT SHADOWS_DEPTH SHADOWS_SOFT SHADOWS_NATIVE ok=1
Cmd: compileSnippet
  api=1 type=0 insize=1273 outsize=441 kw=POINT_COOKIE SHADOWS_CUBE SHADOWS_SOFT ok=1
Cmd: compileSnippet
  api=1 type=1 insize=1273 outsize=1358 kw=POINT SHADOWS_OFF ok=1
Cmd: compileSnippet
  api=0 type=1 insize=1273 outsize=6 kw=SPOT SHADOWS_DEPTH SHADOWS_NATIVE ok=1
Cmd: compileSnippet
  api=4 type=1 insize=1273 outsize=5995 kw=SPOT SHADOWS_DEPTH SHADOWS_NATIVE ok=1
Cmd: compileSnippet
  api=0 type=1 insize=1273 outsize=6 kw=POINT SHADOWS_CUBE SHADOWS_SOFT ok=1
Cmd: compileSnippet
  api=1 type=1 insize=1273 outsize=1820 kw=POINT SHADOWS_CUBE SHADOWS_SOFT ok=1
Cmd: compileSnippet
  api=0 type=0 insize=1934 outsize=3948 kw=SPOT SHADOWS_OFF ok=1
Cmd: compileSnippet
  api=0 type=0 insize=1934 outsize=4216 kw=POINT SHADOWS_CUBE ok=1
Cmd: compileSnippet
  api=0 type=0 insize=1934 outsize=3939 kw=SPOT SHADOWS_OFF UNITY_HDR_ON ok=1
Cmd: compileSnippet
  api=0 type=0 insize=1934 outsize=4406 kw=POINT_COOKIE SHADOWS_CUBE UNITY_HDR_ON ok=1
Cmd: compileSnippet
  api=1 type=1 insize=1934 outsize=2194 kw=POINT SHADOWS_OFF ok=1
Cmd: compileSnippet
  api=0 type=1 insize=1934 outsize=6 kw=POINT_COOKIE SHADOWS_CUBE ok=1
Cmd: compileSnippet
  api=4 type=1 insize=1934 outsize=7563 kw=POINT_COOKIE SHADOWS_CUBE ok=1
Cmd: compileSnippet
  api=4 type=1 insize=1934 outsize=6417 kw=POINT SHADOWS_OFF UNITY_HDR_ON ok=1
Cmd: compileSnippet
  api=1 type=1 insize=1934 outsize=2133 kw=DIRECTIONAL_COOKIE SHADOWS_OFF UNITY_HDR_ON ok=1
Cmd: compileSnippet
  api=4 type=1 insize=1934 outsize=7181 kw=DIRECTIONAL_COOKIE SHADOWS_SCREEN UNITY_HDR_ON ok=1
Cmd: compileSnippet
  api=4 type=1 insize=1934 outsize=8245 kw=POINT_COOKIE SHADOWS_CUBE SHADOWS_SOFT UNITY_HDR_ON ok=1
Cmd: compileSnippet
  api=4 type=1 insize=683 outsize=705 kw= ok=1
Cmd: compileSnippet
  api=8 type=1 insize=1051 outsize=1349 kw= ok=1
Cmd: compileSnippet
  api=1 type=1 insize=1089 outsize=180 kw= ok=1
Cmd: compileSnippet
  api=1 type=1 insize=723 outsize=98 kw= ok=1
Cmd: compileSnippet
  api=4 type=1 insize=1079 outsize=1510 kw= ok=1
Unhandled exception: Readfile from pipe failed. GLE=The pipe has been ended.


Quitting shader compiler process

Crashed!
